<?xml version="1.0" encoding="UTF-8"?>
<coverage generated="1635978335963" clover="3.2.0">
  <project timestamp="1635978335964" name="All files">
    <metrics statements="15" coveredstatements="6" conditionals="8" coveredconditionals="0" methods="5" coveredmethods="0" elements="28" coveredelements="6" complexity="0" loc="15" ncloc="15" packages="1" files="4" classes="4"/>
    <file name="all.js" path="E:\web\unittestingjest\all.js">
      <metrics statements="4" coveredstatements="2" conditionals="2" coveredconditionals="0" methods="1" coveredmethods="0"/>
      <line num="1" count="1" type="stmt"/>
      <line num="4" count="0" type="cond" truecount="0" falsecount="2"/>
      <line num="5" count="0" type="stmt"/>
      <line num="8" count="1" type="stmt"/>
    </file>
    <file name="input.js" path="E:\web\unittestingjest\input.js">
      <metrics statements="6" coveredstatements="1" conditionals="6" coveredconditionals="0" methods="1" coveredmethods="0"/>
      <line num="2" count="0" type="cond" truecount="0" falsecount="2"/>
      <line num="3" count="0" type="stmt"/>
      <line num="5" count="0" type="cond" truecount="0" falsecount="4"/>
      <line num="6" count="0" type="stmt"/>
      <line num="8" count="0" type="stmt"/>
      <line num="11" count="1" type="stmt"/>
    </file>
    <file name="say.js" path="E:\web\unittestingjest\say.js">
      <metrics statements="2" coveredstatements="1" conditionals="0" coveredconditionals="0" methods="1" coveredmethods="0"/>
      <line num="2" count="0" type="stmt"/>
      <line num="5" count="1" type="stmt"/>
    </file>
    <file name="sum.js" path="E:\web\unittestingjest\sum.js">
      <metrics statements="3" coveredstatements="2" conditionals="0" coveredconditionals="0" methods="2" coveredmethods="0"/>
      <line num="14" count="1" type="stmt"/>
      <line num="15" count="0" type="stmt"/>
      <line num="23" count="1" type="stmt"/>
    </file>
  </project>
</coverage>
