TN:
SF:all.js
FN:3,testt
FNF:1
FNH:0
FNDA:0,testt
DA:1,1
DA:4,0
DA:5,0
DA:8,1
LF:4
LH:2
BRDA:4,0,0,0
BRDA:4,0,1,0
BRF:2
BRH:0
end_of_record
TN:
SF:input.js
FN:1,filtername
FNF:1
FNH:0
FNDA:0,filtername
DA:2,0
DA:3,0
DA:5,0
DA:6,0
DA:8,0
DA:11,1
LF:6
LH:1
BRDA:2,0,0,0
BRDA:2,0,1,0
BRDA:5,1,0,0
BRDA:5,1,1,0
BRDA:5,2,0,0
BRDA:5,2,1,0
BRF:6
BRH:0
end_of_record
TN:
SF:say.js
FN:1,sayhello
FNF:1
FNH:0
FNDA:0,sayhello
DA:2,0
DA:5,1
LF:2
LH:1
BRF:0
BRH:0
end_of_record
TN:
SF:sum.js
FN:14,(anonymous_0)
FN:15,(anonymous_1)
FNF:2
FNH:0
FNDA:0,(anonymous_0)
FNDA:0,(anonymous_1)
DA:14,1
DA:15,0
DA:23,1
LF:3
LH:2
BRF:0
BRH:0
end_of_record
